
> frontend@0.1.0 start
> react-scripts start

(node:17468) [DEP_WEBPACK_DEV_SERVER_ON_AFTER_SETUP_MIDDLEWARE] DeprecationWarning: 'onAfterSetupMiddleware' option is deprecated. Please use the 'setupMiddlewares' option.
(Use `node --trace-deprecation ...` to show where the warning was created)
(node:17468) [DEP_WEBPACK_DEV_SERVER_ON_BEFORE_SETUP_MIDDLEWARE] DeprecationWarning: 'onBeforeSetupMiddleware' option is deprecated. Please use the 'setupMiddlewares' option.
Starting the development server...

Compiled successfully!

You can now view frontend in the browser.

  Local:            http://localhost:3000
  On Your Network:  http://10.2.0.2:3000

Note that the development build is not optimized.
To create a production build, use npm run build.

webpack compiled [1m[32msuccessfully[39m[22m
Compiling...
Compiled successfully!
webpack compiled [1m[32msuccessfully[39m[22m
Compiling...
Compiled successfully!
webpack compiled [1m[32msuccessfully[39m[22m
Compiling...
Compiled successfully!
webpack compiled [1m[32msuccessfully[39m[22m
Compiling...
Compiled successfully!
webpack compiled [1m[32msuccessfully[39m[22m
Compiling...
Compiled successfully!
webpack compiled [1m[32msuccessfully[39m[22m
Compiling...
Compiled successfully!
webpack compiled [1m[32msuccessfully[39m[22m
Compiling...
Compiled successfully!
webpack compiled [1m[32msuccessfully[39m[22m
Compiling...
Compiled successfully!
webpack compiled [1m[32msuccessfully[39m[22m
Compiling...
Compiled successfully!
webpack compiled [1m[32msuccessfully[39m[22m
Compiling...
Compiled successfully!
webpack compiled [1m[32msuccessfully[39m[22m
Compiling...
Compiled successfully!
webpack compiled [1m[32msuccessfully[39m[22m
Compiling...
Compiled successfully!
webpack compiled [1m[32msuccessfully[39m[22m
Compiling...
Compiled with warnings.

[eslint] 
src\AgregarProducto.js
  Line 8:10:  'storeName' is assigned a value but never used     no-unused-vars
  Line 8:21:  'setStoreName' is assigned a value but never used  no-unused-vars

Search for the keywords to learn more about each warning.
To ignore, add // eslint-disable-next-line to the line before.

[1m[33mWARNING[39m[22m in [1m[eslint] 
src\AgregarProducto.js
  Line 8:10:  'storeName' is assigned a value but never used     no-unused-vars
  Line 8:21:  'setStoreName' is assigned a value but never used  no-unused-vars

[39m[22m

webpack compiled with [1m[33m1 warning[39m[22m
Compiling...
Compiled with warnings.

[eslint] 
src\AgregarProducto.js
  Line 1:20:  'useEffect' is defined but never used              no-unused-vars
  Line 8:10:  'storeName' is assigned a value but never used     no-unused-vars
  Line 8:21:  'setStoreName' is assigned a value but never used  no-unused-vars

Search for the keywords to learn more about each warning.
To ignore, add // eslint-disable-next-line to the line before.

[1m[33mWARNING[39m[22m in [1m[eslint] 
src\AgregarProducto.js
  Line 1:20:  'useEffect' is defined but never used              no-unused-vars
  Line 8:10:  'storeName' is assigned a value but never used     no-unused-vars
  Line 8:21:  'setStoreName' is assigned a value but never used  no-unused-vars

[39m[22m

webpack compiled with [1m[33m1 warning[39m[22m
Compiling...
Compiled with warnings.

[eslint] 
src\AgregarProducto.js
  Line 8:10:  'storeName' is assigned a value but never used  no-unused-vars

Search for the keywords to learn more about each warning.
To ignore, add // eslint-disable-next-line to the line before.

[1m[33mWARNING[39m[22m in [1m[eslint] 
src\AgregarProducto.js
  Line 8:10:  'storeName' is assigned a value but never used  no-unused-vars

[39m[22m

webpack compiled with [1m[33m1 warning[39m[22m
Compiling...
Compiled successfully!
webpack compiled [1m[32msuccessfully[39m[22m
Compiling...
Compiled successfully!
webpack compiled [1m[32msuccessfully[39m[22m
Compiling...
Compiled with warnings.

[eslint] 
src\PaginaPrincipal.js
  Line 6:10:   'lang' is assigned a value but never used                 no-unused-vars
  Line 8:10:   'filteredStores' is assigned a value but never used       no-unused-vars
  Line 9:22:   'setSearchTerm' is assigned a value but never used        no-unused-vars
  Line 10:10:  'productosDestacados' is assigned a value but never used  no-unused-vars
  Line 16:9:   'toggleLang' is assigned a value but never used           no-unused-vars
  Line 20:9:   'buscarTiendas' is assigned a value but never used        no-unused-vars

Search for the keywords to learn more about each warning.
To ignore, add // eslint-disable-next-line to the line before.

[1m[33mWARNING[39m[22m in [1m[eslint] 
src\PaginaPrincipal.js
  Line 6:10:   'lang' is assigned a value but never used                 no-unused-vars
  Line 8:10:   'filteredStores' is assigned a value but never used       no-unused-vars
  Line 9:22:   'setSearchTerm' is assigned a value but never used        no-unused-vars
  Line 10:10:  'productosDestacados' is assigned a value but never used  no-unused-vars
  Line 16:9:   'toggleLang' is assigned a value but never used           no-unused-vars
  Line 20:9:   'buscarTiendas' is assigned a value but never used        no-unused-vars

[39m[22m

webpack compiled with [1m[33m1 warning[39m[22m
Compiling...
Compiled with warnings.

[eslint] 
src\PaginaPrincipal.js
  Line 6:10:   'lang' is assigned a value but never used                 no-unused-vars
  Line 10:10:  'productosDestacados' is assigned a value but never used  no-unused-vars
  Line 16:9:   'toggleLang' is assigned a value but never used           no-unused-vars

Search for the keywords to learn more about each warning.
To ignore, add // eslint-disable-next-line to the line before.

[1m[33mWARNING[39m[22m in [1m[eslint] 
src\PaginaPrincipal.js
  Line 6:10:   'lang' is assigned a value but never used                 no-unused-vars
  Line 10:10:  'productosDestacados' is assigned a value but never used  no-unused-vars
  Line 16:9:   'toggleLang' is assigned a value but never used           no-unused-vars

[39m[22m

webpack compiled with [1m[33m1 warning[39m[22m
Compiling...
Compiled with warnings.

[eslint] 
src\PaginaPrincipal.js
  Line 6:10:  'lang' is assigned a value but never used        no-unused-vars
  Line 16:9:  'toggleLang' is assigned a value but never used  no-unused-vars

Search for the keywords to learn more about each warning.
To ignore, add // eslint-disable-next-line to the line before.

[1m[33mWARNING[39m[22m in [1m[eslint] 
src\PaginaPrincipal.js
  Line 6:10:  'lang' is assigned a value but never used        no-unused-vars
  Line 16:9:  'toggleLang' is assigned a value but never used  no-unused-vars

[39m[22m

webpack compiled with [1m[33m1 warning[39m[22m
Compiling...
Compiled with warnings.

[eslint] 
src\PaginaPrincipal.js
  Line 6:10:  'lang' is assigned a value but never used        no-unused-vars
  Line 16:9:  'toggleLang' is assigned a value but never used  no-unused-vars

Search for the keywords to learn more about each warning.
To ignore, add // eslint-disable-next-line to the line before.

[1m[33mWARNING[39m[22m in [1m[eslint] 
src\PaginaPrincipal.js
  Line 6:10:  'lang' is assigned a value but never used        no-unused-vars
  Line 16:9:  'toggleLang' is assigned a value but never used  no-unused-vars

[39m[22m

webpack compiled with [1m[33m1 warning[39m[22m
Compiling...
Compiled with warnings.

[eslint] 
src\PaginaPrincipal.js
  Line 6:10:  'lang' is assigned a value but never used        no-unused-vars
  Line 16:9:  'toggleLang' is assigned a value but never used  no-unused-vars

Search for the keywords to learn more about each warning.
To ignore, add // eslint-disable-next-line to the line before.

[1m[33mWARNING[39m[22m in [1m[eslint] 
src\PaginaPrincipal.js
  Line 6:10:  'lang' is assigned a value but never used        no-unused-vars
  Line 16:9:  'toggleLang' is assigned a value but never used  no-unused-vars

[39m[22m

webpack compiled with [1m[33m1 warning[39m[22m
Compiling...
Compiled with warnings.

[eslint] 
src\PaginaPrincipal.js
  Line 6:10:  'lang' is assigned a value but never used        no-unused-vars
  Line 16:9:  'toggleLang' is assigned a value but never used  no-unused-vars

Search for the keywords to learn more about each warning.
To ignore, add // eslint-disable-next-line to the line before.

[1m[33mWARNING[39m[22m in [1m[eslint] 
src\PaginaPrincipal.js
  Line 6:10:  'lang' is assigned a value but never used        no-unused-vars
  Line 16:9:  'toggleLang' is assigned a value but never used  no-unused-vars

[39m[22m

webpack compiled with [1m[33m1 warning[39m[22m
Compiling...
Compiled with warnings.

[eslint] 
src\PaginaPrincipal.js
  Line 6:10:  'lang' is assigned a value but never used        no-unused-vars
  Line 16:9:  'toggleLang' is assigned a value but never used  no-unused-vars

Search for the keywords to learn more about each warning.
To ignore, add // eslint-disable-next-line to the line before.

[1m[33mWARNING[39m[22m in [1m[eslint] 
src\PaginaPrincipal.js
  Line 6:10:  'lang' is assigned a value but never used        no-unused-vars
  Line 16:9:  'toggleLang' is assigned a value but never used  no-unused-vars

[39m[22m

webpack compiled with [1m[33m1 warning[39m[22m
Compiling...
Failed to compile.

[eslint] 
src\components\Navbar.js
Syntax error: Only one default export allowed per module. (68:0) (68:undefined)
[1m[33mWARNING[39m[22m in [1m[eslint] 
src\PaginaPrincipal.js
  Line 6:10:  'lang' is assigned a value but never used        no-unused-vars
  Line 16:9:  'toggleLang' is assigned a value but never used  no-unused-vars

[39m[22m

[1m[31mERROR[39m[22m in [1m./src/components/Navbar.js[39m[22m
Module build failed (from ./node_modules/babel-loader/lib/index.js):
SyntaxError: D:\paratodos-ia\frontend\src\components\Navbar.js: Only one default export allowed per module. (68:0)

[0m [90m 66 |[39m [36mexport[39m [36mdefault[39m [33mNavbar[39m[33m;[39m
 [90m 67 |[39m
[31m[1m>[22m[39m[90m 68 |[39m [36mexport[39m [36mdefault[39m [33mNavbar[39m[33m;[39m
 [90m    |[39m [31m[1m^[22m[39m
 [90m 69 |[39m[0m
    at constructor (D:\paratodos-ia\frontend\node_modules\@babel\parser\lib\index.js:360:19)
    at FlowParserMixin.raise (D:\paratodos-ia\frontend\node_modules\@babel\parser\lib\index.js:3338:19)
    at FlowParserMixin.checkDuplicateExports (D:\paratodos-ia\frontend\node_modules\@babel\parser\lib\index.js:13734:14)
    at FlowParserMixin.checkExport (D:\paratodos-ia\frontend\node_modules\@babel\parser\lib\index.js:13664:14)
    at FlowParserMixin.parseExport (D:\paratodos-ia\frontend\node_modules\@babel\parser\lib\index.js:13494:12)
    at FlowParserMixin.parseStatementContent (D:\paratodos-ia\frontend\node_modules\@babel\parser\lib\index.js:12542:27)
    at FlowParserMixin.parseStatementLike (D:\paratodos-ia\frontend\node_modules\@babel\parser\lib\index.js:12432:17)
    at FlowParserMixin.parseStatementLike (D:\paratodos-ia\frontend\node_modules\@babel\parser\lib\index.js:5153:24)
    at FlowParserMixin.parseModuleItem (D:\paratodos-ia\frontend\node_modules\@babel\parser\lib\index.js:12409:17)
    at FlowParserMixin.parseBlockOrModuleBlockBody (D:\paratodos-ia\frontend\node_modules\@babel\parser\lib\index.js:12980:36)
    at FlowParserMixin.parseBlockBody (D:\paratodos-ia\frontend\node_modules\@babel\parser\lib\index.js:12973:10)
    at FlowParserMixin.parseProgram (D:\paratodos-ia\frontend\node_modules\@babel\parser\lib\index.js:12306:10)
    at FlowParserMixin.parseTopLevel (D:\paratodos-ia\frontend\node_modules\@babel\parser\lib\index.js:12296:25)
    at FlowParserMixin.parseTopLevel (D:\paratodos-ia\frontend\node_modules\@babel\parser\lib\index.js:5922:28)
    at FlowParserMixin.parse (D:\paratodos-ia\frontend\node_modules\@babel\parser\lib\index.js:14152:10)
    at parse (D:\paratodos-ia\frontend\node_modules\@babel\parser\lib\index.js:14186:38)
    at parser (D:\paratodos-ia\frontend\node_modules\@babel\core\lib\parser\index.js:41:34)
    at parser.next (<anonymous>)
    at normalizeFile (D:\paratodos-ia\frontend\node_modules\@babel\core\lib\transformation\normalize-file.js:64:37)
    at normalizeFile.next (<anonymous>)
    at run (D:\paratodos-ia\frontend\node_modules\@babel\core\lib\transformation\index.js:22:50)
    at run.next (<anonymous>)
    at transform (D:\paratodos-ia\frontend\node_modules\@babel\core\lib\transform.js:22:33)
    at transform.next (<anonymous>)
    at step (D:\paratodos-ia\frontend\node_modules\gensync\index.js:261:32)
    at D:\paratodos-ia\frontend\node_modules\gensync\index.js:273:13
    at async.call.result.err.err (D:\paratodos-ia\frontend\node_modules\gensync\index.js:223:11)

[1m[31mERROR[39m[22m in [1m[eslint] 
src\components\Navbar.js
  Line 68:  Parsing [1m[31merror[39m[22m[1m: Only one default export allowed per module. (68:0)

[39m[22m

webpack compiled with [1m[31m2 errors[39m[22m and [1m[33m1 warning[39m[22m
Compiling...
Failed to compile.

[eslint] 
src\components\Navbar.js
Syntax error: Only one default export allowed per module. (68:0) (68:undefined)
[1m[33mWARNING[39m[22m in [1m[eslint] 
src\PaginaPrincipal.js
  Line 6:10:  'lang' is assigned a value but never used        no-unused-vars
  Line 16:9:  'toggleLang' is assigned a value but never used  no-unused-vars

[39m[22m

[1m[31mERROR[39m[22m in [1m./src/components/Navbar.js[39m[22m
Module build failed (from ./node_modules/babel-loader/lib/index.js):
SyntaxError: D:\paratodos-ia\frontend\src\components\Navbar.js: Only one default export allowed per module. (68:0)

[0m [90m 66 |[39m [36mexport[39m [36mdefault[39m [33mNavbar[39m[33m;[39m
 [90m 67 |[39m
[31m[1m>[22m[39m[90m 68 |[39m [36mexport[39m [36mdefault[39m [33mNavbar[39m[33m;[39m
 [90m    |[39m [31m[1m^[22m[39m
 [90m 69 |[39m[0m
    at constructor (D:\paratodos-ia\frontend\node_modules\@babel\parser\lib\index.js:360:19)
    at FlowParserMixin.raise (D:\paratodos-ia\frontend\node_modules\@babel\parser\lib\index.js:3338:19)
    at FlowParserMixin.checkDuplicateExports (D:\paratodos-ia\frontend\node_modules\@babel\parser\lib\index.js:13734:14)
    at FlowParserMixin.checkExport (D:\paratodos-ia\frontend\node_modules\@babel\parser\lib\index.js:13664:14)
    at FlowParserMixin.parseExport (D:\paratodos-ia\frontend\node_modules\@babel\parser\lib\index.js:13494:12)
    at FlowParserMixin.parseStatementContent (D:\paratodos-ia\frontend\node_modules\@babel\parser\lib\index.js:12542:27)
    at FlowParserMixin.parseStatementLike (D:\paratodos-ia\frontend\node_modules\@babel\parser\lib\index.js:12432:17)
    at FlowParserMixin.parseStatementLike (D:\paratodos-ia\frontend\node_modules\@babel\parser\lib\index.js:5153:24)
    at FlowParserMixin.parseModuleItem (D:\paratodos-ia\frontend\node_modules\@babel\parser\lib\index.js:12409:17)
    at FlowParserMixin.parseBlockOrModuleBlockBody (D:\paratodos-ia\frontend\node_modules\@babel\parser\lib\index.js:12980:36)
    at FlowParserMixin.parseBlockBody (D:\paratodos-ia\frontend\node_modules\@babel\parser\lib\index.js:12973:10)
    at FlowParserMixin.parseProgram (D:\paratodos-ia\frontend\node_modules\@babel\parser\lib\index.js:12306:10)
    at FlowParserMixin.parseTopLevel (D:\paratodos-ia\frontend\node_modules\@babel\parser\lib\index.js:12296:25)
    at FlowParserMixin.parseTopLevel (D:\paratodos-ia\frontend\node_modules\@babel\parser\lib\index.js:5922:28)
    at FlowParserMixin.parse (D:\paratodos-ia\frontend\node_modules\@babel\parser\lib\index.js:14152:10)
    at parse (D:\paratodos-ia\frontend\node_modules\@babel\parser\lib\index.js:14186:38)
    at parser (D:\paratodos-ia\frontend\node_modules\@babel\core\lib\parser\index.js:41:34)
    at parser.next (<anonymous>)
    at normalizeFile (D:\paratodos-ia\frontend\node_modules\@babel\core\lib\transformation\normalize-file.js:64:37)
    at normalizeFile.next (<anonymous>)
    at run (D:\paratodos-ia\frontend\node_modules\@babel\core\lib\transformation\index.js:22:50)
    at run.next (<anonymous>)
    at transform (D:\paratodos-ia\frontend\node_modules\@babel\core\lib\transform.js:22:33)
    at transform.next (<anonymous>)
    at step (D:\paratodos-ia\frontend\node_modules\gensync\index.js:261:32)
    at D:\paratodos-ia\frontend\node_modules\gensync\index.js:273:13
    at async.call.result.err.err (D:\paratodos-ia\frontend\node_modules\gensync\index.js:223:11)

[1m[31mERROR[39m[22m in [1m[eslint] 
src\components\Navbar.js
  Line 68:  Parsing [1m[31merror[39m[22m[1m: Only one default export allowed per module. (68:0)

[39m[22m

webpack compiled with [1m[31m2 errors[39m[22m and [1m[33m1 warning[39m[22m
Compiling...
Compiled with warnings.

[eslint] 
src\PaginaPrincipal.js
  Line 6:10:  'lang' is assigned a value but never used        no-unused-vars
  Line 16:9:  'toggleLang' is assigned a value but never used  no-unused-vars

Search for the keywords to learn more about each warning.
To ignore, add // eslint-disable-next-line to the line before.

[1m[33mWARNING[39m[22m in [1m[eslint] 
src\PaginaPrincipal.js
  Line 6:10:  'lang' is assigned a value but never used        no-unused-vars
  Line 16:9:  'toggleLang' is assigned a value but never used  no-unused-vars

[39m[22m

webpack compiled with [1m[33m1 warning[39m[22m
Compiling...
Compiled with warnings.

[eslint] 
src\PaginaPrincipal.js
  Line 6:10:  'lang' is assigned a value but never used        no-unused-vars
  Line 16:9:  'toggleLang' is assigned a value but never used  no-unused-vars

Search for the keywords to learn more about each warning.
To ignore, add // eslint-disable-next-line to the line before.

[1m[33mWARNING[39m[22m in [1m[eslint] 
src\PaginaPrincipal.js
  Line 6:10:  'lang' is assigned a value but never used        no-unused-vars
  Line 16:9:  'toggleLang' is assigned a value but never used  no-unused-vars

[39m[22m

webpack compiled with [1m[33m1 warning[39m[22m
Compiling...
Compiled with warnings.

[eslint] 
src\PaginaPrincipal.js
  Line 6:10:  'lang' is assigned a value but never used        no-unused-vars
  Line 16:9:  'toggleLang' is assigned a value but never used  no-unused-vars

src\components\Navbar.js
  Line 8:74:  'darkMode' was used before it was defined  no-use-before-define

Search for the keywords to learn more about each warning.
To ignore, add // eslint-disable-next-line to the line before.

[1m[33mWARNING[39m[22m in [1m[eslint] 
src\PaginaPrincipal.js
  Line 6:10:  'lang' is assigned a value but never used        no-unused-vars
  Line 16:9:  'toggleLang' is assigned a value but never used  no-unused-vars

src\components\Navbar.js
  Line 8:74:  'darkMode' was used before it was defined  no-use-before-define

[39m[22m

webpack compiled with [1m[33m1 warning[39m[22m
Compiling...
Compiled with warnings.

[eslint] 
src\PaginaPrincipal.js
  Line 6:10:  'lang' is assigned a value but never used        no-unused-vars
  Line 16:9:  'toggleLang' is assigned a value but never used  no-unused-vars

Search for the keywords to learn more about each warning.
To ignore, add // eslint-disable-next-line to the line before.

[1m[33mWARNING[39m[22m in [1m[eslint] 
src\PaginaPrincipal.js
  Line 6:10:  'lang' is assigned a value but never used        no-unused-vars
  Line 16:9:  'toggleLang' is assigned a value but never used  no-unused-vars

[39m[22m

webpack compiled with [1m[33m1 warning[39m[22m
Compiling...
Compiled with warnings.

[eslint] 
src\PaginaPrincipal.js
  Line 6:10:  'lang' is assigned a value but never used        no-unused-vars
  Line 16:9:  'toggleLang' is assigned a value but never used  no-unused-vars

Search for the keywords to learn more about each warning.
To ignore, add // eslint-disable-next-line to the line before.

[1m[33mWARNING[39m[22m in [1m[eslint] 
src\PaginaPrincipal.js
  Line 6:10:  'lang' is assigned a value but never used        no-unused-vars
  Line 16:9:  'toggleLang' is assigned a value but never used  no-unused-vars

[39m[22m

webpack compiled with [1m[33m1 warning[39m[22m
Compiling...
Compiled with warnings.

[eslint] 
src\PaginaPrincipal.js
  Line 6:10:  'lang' is assigned a value but never used        no-unused-vars
  Line 16:9:  'toggleLang' is assigned a value but never used  no-unused-vars

Search for the keywords to learn more about each warning.
To ignore, add // eslint-disable-next-line to the line before.

[1m[33mWARNING[39m[22m in [1m[eslint] 
src\PaginaPrincipal.js
  Line 6:10:  'lang' is assigned a value but never used        no-unused-vars
  Line 16:9:  'toggleLang' is assigned a value but never used  no-unused-vars

[39m[22m

webpack compiled with [1m[33m1 warning[39m[22m
Compiling...
Compiled with warnings.

[eslint] 
src\PaginaPrincipal.js
  Line 6:10:  'lang' is assigned a value but never used        no-unused-vars
  Line 16:9:  'toggleLang' is assigned a value but never used  no-unused-vars

Search for the keywords to learn more about each warning.
To ignore, add // eslint-disable-next-line to the line before.

[1m[33mWARNING[39m[22m in [1m[eslint] 
src\PaginaPrincipal.js
  Line 6:10:  'lang' is assigned a value but never used        no-unused-vars
  Line 16:9:  'toggleLang' is assigned a value but never used  no-unused-vars

[39m[22m

webpack compiled with [1m[33m1 warning[39m[22m
Compiling...
Compiled with warnings.

[eslint] 
src\PaginaPrincipal.js
  Line 6:10:  'lang' is assigned a value but never used        no-unused-vars
  Line 16:9:  'toggleLang' is assigned a value but never used  no-unused-vars

Search for the keywords to learn more about each warning.
To ignore, add // eslint-disable-next-line to the line before.

[1m[33mWARNING[39m[22m in [1m[eslint] 
src\PaginaPrincipal.js
  Line 6:10:  'lang' is assigned a value but never used        no-unused-vars
  Line 16:9:  'toggleLang' is assigned a value but never used  no-unused-vars

[39m[22m

webpack compiled with [1m[33m1 warning[39m[22m
Compiling...
Compiled with warnings.

[eslint] 
src\PaginaPrincipal.js
  Line 6:10:  'lang' is assigned a value but never used        no-unused-vars
  Line 16:9:  'toggleLang' is assigned a value but never used  no-unused-vars

Search for the keywords to learn more about each warning.
To ignore, add // eslint-disable-next-line to the line before.

[1m[33mWARNING[39m[22m in [1m[eslint] 
src\PaginaPrincipal.js
  Line 6:10:  'lang' is assigned a value but never used        no-unused-vars
  Line 16:9:  'toggleLang' is assigned a value but never used  no-unused-vars

[39m[22m

webpack compiled with [1m[33m1 warning[39m[22m
Compiling...
Compiled with warnings.

[eslint] 
src\PaginaPrincipal.js
  Line 6:10:  'lang' is assigned a value but never used        no-unused-vars
  Line 16:9:  'toggleLang' is assigned a value but never used  no-unused-vars

Search for the keywords to learn more about each warning.
To ignore, add // eslint-disable-next-line to the line before.

[1m[33mWARNING[39m[22m in [1m[eslint] 
src\PaginaPrincipal.js
  Line 6:10:  'lang' is assigned a value but never used        no-unused-vars
  Line 16:9:  'toggleLang' is assigned a value but never used  no-unused-vars

[39m[22m

webpack compiled with [1m[33m1 warning[39m[22m
Compiling...
Compiled with warnings.

[eslint] 
src\PaginaPrincipal.js
  Line 6:10:  'lang' is assigned a value but never used        no-unused-vars
  Line 16:9:  'toggleLang' is assigned a value but never used  no-unused-vars

Search for the keywords to learn more about each warning.
To ignore, add // eslint-disable-next-line to the line before.

[1m[33mWARNING[39m[22m in [1m[eslint] 
src\PaginaPrincipal.js
  Line 6:10:  'lang' is assigned a value but never used        no-unused-vars
  Line 16:9:  'toggleLang' is assigned a value but never used  no-unused-vars

[39m[22m

webpack compiled with [1m[33m1 warning[39m[22m
Compiling...
Compiled with warnings.

[eslint] 
src\PaginaPrincipal.js
  Line 6:10:  'lang' is assigned a value but never used        no-unused-vars
  Line 16:9:  'toggleLang' is assigned a value but never used  no-unused-vars

Search for the keywords to learn more about each warning.
To ignore, add // eslint-disable-next-line to the line before.

[1m[33mWARNING[39m[22m in [1m[eslint] 
src\PaginaPrincipal.js
  Line 6:10:  'lang' is assigned a value but never used        no-unused-vars
  Line 16:9:  'toggleLang' is assigned a value but never used  no-unused-vars

[39m[22m

webpack compiled with [1m[33m1 warning[39m[22m
Compiling...
Compiled with warnings.

[eslint] 
src\PaginaPrincipal.js
  Line 6:10:  'lang' is assigned a value but never used        no-unused-vars
  Line 16:9:  'toggleLang' is assigned a value but never used  no-unused-vars

Search for the keywords to learn more about each warning.
To ignore, add // eslint-disable-next-line to the line before.

[1m[33mWARNING[39m[22m in [1m[eslint] 
src\PaginaPrincipal.js
  Line 6:10:  'lang' is assigned a value but never used        no-unused-vars
  Line 16:9:  'toggleLang' is assigned a value but never used  no-unused-vars

[39m[22m

webpack compiled with [1m[33m1 warning[39m[22m
Compiling...
Compiled with warnings.

[eslint] 
src\PaginaPrincipal.js
  Line 6:10:  'lang' is assigned a value but never used        no-unused-vars
  Line 16:9:  'toggleLang' is assigned a value but never used  no-unused-vars

Search for the keywords to learn more about each warning.
To ignore, add // eslint-disable-next-line to the line before.

[1m[33mWARNING[39m[22m in [1m[eslint] 
src\PaginaPrincipal.js
  Line 6:10:  'lang' is assigned a value but never used        no-unused-vars
  Line 16:9:  'toggleLang' is assigned a value but never used  no-unused-vars

[39m[22m

webpack compiled with [1m[33m1 warning[39m[22m
Compiling...
Compiled successfully!
webpack compiled [1m[32msuccessfully[39m[22m
Compiling...
Compiled successfully!
webpack compiled [1m[32msuccessfully[39m[22m
Compiling...
Compiled successfully!
webpack compiled [1m[32msuccessfully[39m[22m
Compiling...
Compiled with warnings.

[eslint] 
src\PaginaPrincipal.js
  Line 6:10:  'lang' is assigned a value but never used        no-unused-vars
  Line 16:9:  'toggleLang' is assigned a value but never used  no-unused-vars

Search for the keywords to learn more about each warning.
To ignore, add // eslint-disable-next-line to the line before.

[1m[33mWARNING[39m[22m in [1m[eslint] 
src\PaginaPrincipal.js
  Line 6:10:  'lang' is assigned a value but never used        no-unused-vars
  Line 16:9:  'toggleLang' is assigned a value but never used  no-unused-vars

[39m[22m

webpack compiled with [1m[33m1 warning[39m[22m
Compiling...
Compiled with warnings.

[eslint] 
src\PaginaPrincipal.js
  Line 6:10:  'lang' is assigned a value but never used        no-unused-vars
  Line 16:9:  'toggleLang' is assigned a value but never used  no-unused-vars

Search for the keywords to learn more about each warning.
To ignore, add // eslint-disable-next-line to the line before.

[1m[33mWARNING[39m[22m in [1m[eslint] 
src\PaginaPrincipal.js
  Line 6:10:  'lang' is assigned a value but never used        no-unused-vars
  Line 16:9:  'toggleLang' is assigned a value but never used  no-unused-vars

[39m[22m

webpack compiled with [1m[33m1 warning[39m[22m
Compiling...
Compiled with warnings.

[eslint] 
src\PaginaPrincipal.js
  Line 6:10:  'lang' is assigned a value but never used        no-unused-vars
  Line 16:9:  'toggleLang' is assigned a value but never used  no-unused-vars

Search for the keywords to learn more about each warning.
To ignore, add // eslint-disable-next-line to the line before.

[1m[33mWARNING[39m[22m in [1m[eslint] 
src\PaginaPrincipal.js
  Line 6:10:  'lang' is assigned a value but never used        no-unused-vars
  Line 16:9:  'toggleLang' is assigned a value but never used  no-unused-vars

[39m[22m

webpack compiled with [1m[33m1 warning[39m[22m
Compiling...
Compiled with warnings.

[eslint] 
src\PaginaPrincipal.js
  Line 6:10:  'lang' is assigned a value but never used        no-unused-vars
  Line 16:9:  'toggleLang' is assigned a value but never used  no-unused-vars

Search for the keywords to learn more about each warning.
To ignore, add // eslint-disable-next-line to the line before.

[1m[33mWARNING[39m[22m in [1m[eslint] 
src\PaginaPrincipal.js
  Line 6:10:  'lang' is assigned a value but never used        no-unused-vars
  Line 16:9:  'toggleLang' is assigned a value but never used  no-unused-vars

[39m[22m

webpack compiled with [1m[33m1 warning[39m[22m
Compiling...
Failed to compile.

Module not found: Error: Can't resolve './VerProducto' in 'D:\paratodos-ia\frontend\src'
[1m[33mWARNING[39m[22m in [1m[eslint] 
src\PaginaPrincipal.js
  Line 6:10:  'lang' is assigned a value but never used        no-unused-vars
  Line 16:9:  'toggleLang' is assigned a value but never used  no-unused-vars

[39m[22m

[1m[31mERROR[39m[22m in [1m./src/App.js[39m[22m [1m[32m13:0-40[39m[22m
[1mModule [1m[31mnot found[39m[22m[1m: [1m[31mError[39m[22m[1m: Can't resolve './VerProducto' in 'D:\paratodos-ia\frontend\src'[39m[22m

webpack compiled with [1m[31m1 error[39m[22m and [1m[33m1 warning[39m[22m
Compiling...
Compiled with warnings.

[eslint] 
src\PaginaPrincipal.js
  Line 6:10:  'lang' is assigned a value but never used        no-unused-vars
  Line 16:9:  'toggleLang' is assigned a value but never used  no-unused-vars

Search for the keywords to learn more about each warning.
To ignore, add // eslint-disable-next-line to the line before.

[1m[33mWARNING[39m[22m in [1m[eslint] 
src\PaginaPrincipal.js
  Line 6:10:  'lang' is assigned a value but never used        no-unused-vars
  Line 16:9:  'toggleLang' is assigned a value but never used  no-unused-vars

[39m[22m

webpack compiled with [1m[33m1 warning[39m[22m
Compiling...
Compiled with warnings.

[eslint] 
src\PaginaPrincipal.js
  Line 6:10:  'lang' is assigned a value but never used        no-unused-vars
  Line 16:9:  'toggleLang' is assigned a value but never used  no-unused-vars

Search for the keywords to learn more about each warning.
To ignore, add // eslint-disable-next-line to the line before.

[1m[33mWARNING[39m[22m in [1m[eslint] 
src\PaginaPrincipal.js
  Line 6:10:  'lang' is assigned a value but never used        no-unused-vars
  Line 16:9:  'toggleLang' is assigned a value but never used  no-unused-vars

[39m[22m

webpack compiled with [1m[33m1 warning[39m[22m
Compiling...
Compiled with warnings.

[eslint] 
src\PaginaPrincipal.js
  Line 6:10:  'lang' is assigned a value but never used        no-unused-vars
  Line 16:9:  'toggleLang' is assigned a value but never used  no-unused-vars

Search for the keywords to learn more about each warning.
To ignore, add // eslint-disable-next-line to the line before.

[1m[33mWARNING[39m[22m in [1m[eslint] 
src\PaginaPrincipal.js
  Line 6:10:  'lang' is assigned a value but never used        no-unused-vars
  Line 16:9:  'toggleLang' is assigned a value but never used  no-unused-vars

[39m[22m

webpack compiled with [1m[33m1 warning[39m[22m
